Using pre-set license
Built from '6000.0/release' branch; Version is '6000.0.43f1 (97272b72f107) revision 9905963'; Using compiler version '193933523'; Build Type 'Release'
OS: 'Windows 10  (10.0.19045) 64bit Professional' Language: 'fr' Physical Memory: 32542 MB
BatchMode: 1, IsHumanControllingUs: 0, StartBugReporterOnCrash: 0, Is64bit: 1, IsPro: 1

COMMAND LINE ARGUMENTS:
C:\Program Files\Unity\Hub\Editor\6000.0.43f1\Editor\Unity.exe
-adb2
-batchMode
-noUpm
-name
AssetImportWorker0
-projectPath
C:/Users/Loukian/Documents/GitHub/pokemonRed
-logFile
Logs/AssetImportWorker0.log
-srvPort
52313
-job-worker-count
5
-background-job-worker-count
8
-gc-helper-count
1
Successfully changed project path to: C:/Users/Loukian/Documents/GitHub/pokemonRed
C:/Users/Loukian/Documents/GitHub/pokemonRed
[UnityMemory] Configuration Parameters - Can be set up in boot.config
    "memorysetup-bucket-allocator-granularity=16"
    "memorysetup-bucket-allocator-bucket-count=8"
    "memorysetup-bucket-allocator-block-size=33554432"
    "memorysetup-bucket-allocator-block-count=8"
    "memorysetup-main-allocator-block-size=16777216"
    "memorysetup-thread-allocator-block-size=16777216"
    "memorysetup-gfx-main-allocator-block-size=16777216"
    "memorysetup-gfx-thread-allocator-block-size=16777216"
    "memorysetup-cache-allocator-block-size=4194304"
    "memorysetup-typetree-allocator-block-size=2097152"
    "memorysetup-profiler-bucket-allocator-granularity=16"
    "memorysetup-profiler-bucket-allocator-bucket-count=8"
    "memorysetup-profiler-bucket-allocator-block-size=33554432"
    "memorysetup-profiler-bucket-allocator-block-count=8"
    "memorysetup-profiler-allocator-block-size=16777216"
    "memorysetup-profiler-editor-allocator-block-size=1048576"
    "memorysetup-temp-allocator-size-main=16777216"
    "memorysetup-job-temp-allocator-block-size=2097152"
    "memorysetup-job-temp-allocator-block-size-background=1048576"
    "memorysetup-job-temp-allocator-reduction-small-platforms=262144"
    "memorysetup-allocator-temp-initial-block-size-main=262144"
    "memorysetup-allocator-temp-initial-block-size-worker=262144"
    "memorysetup-temp-allocator-size-background-worker=32768"
    "memorysetup-temp-allocator-size-job-worker=262144"
    "memorysetup-temp-allocator-size-preload-manager=33554432"
    "memorysetup-temp-allocator-size-nav-mesh-worker=65536"
    "memorysetup-temp-allocator-size-audio-worker=65536"
    "memorysetup-temp-allocator-size-cloud-worker=32768"
    "memorysetup-temp-allocator-size-gi-baking-worker=262144"
    "memorysetup-temp-allocator-size-gi-baking-worker=262144"
    "memorysetup-temp-allocator-size-gi-baking-worker=262144"
    "memorysetup-temp-allocator-size-gi-baking-worker=262144"
    "memorysetup-temp-allocator-size-gi-baking-worker=262144"
    "memorysetup-temp-allocator-size-gfx=262144"
Player connection [11296]  Target information:

Player connection [11296]  * "[IP] 10.5.35.35 [Port] 0 [Flags] 2 [Guid] 1188529575 [EditorId] 1188529575 [Version] 1048832 [Id] WindowsEditor(7,DESKTOP-31UIHH8) [Debug] 1 [PackageName] WindowsEditor [ProjectName] Editor" 

Player connection [11296]  * "[IP] 172.19.160.1 [Port] 0 [Flags] 2 [Guid] 1188529575 [EditorId] 1188529575 [Version] 1048832 [Id] WindowsEditor(7,DESKTOP-31UIHH8) [Debug] 1 [PackageName] WindowsEditor [ProjectName] Editor" 

Player connection [11296]  * "[IP] 172.22.0.1 [Port] 0 [Flags] 2 [Guid] 1188529575 [EditorId] 1188529575 [Version] 1048832 [Id] WindowsEditor(7,DESKTOP-31UIHH8) [Debug] 1 [PackageName] WindowsEditor [ProjectName] Editor" 

Player connection [11296] Host joined multi-casting on [225.0.0.222:54997]...
Player connection [11296] Host joined alternative multi-casting on [225.0.0.222:34997]...
JobSystem: Creating JobQueue using job-worker-count value 5
Input System module state changed to: Initialized.
[Physics::Module] Initialized fallback backend.
[Physics::Module] Id: 0xdecafbad
Library Redirect Path: Library/
[Physics::Module] Selected backend.
[Physics::Module] Name: PhysX
[Physics::Module] Id: 0xf2b8ea05
[Physics::Module] SDK Version: 4.1.2
[Physics::Module] Integration Version: 1.0.0
[Physics::Module] Threading Mode: Multi-Threaded
Refreshing native plugins compatible for Editor in 2.68 ms, found 4 plugins.
Preloading 0 native plugins for Editor in 0.00 ms.
Initialize engine version: 6000.0.43f1 (97272b72f107)
[Subsystems] Discovering subsystems at path C:/Program Files/Unity/Hub/Editor/6000.0.43f1/Editor/Data/Resources/UnitySubsystems
[Subsystems] Discovering subsystems at path C:/Users/Loukian/Documents/GitHub/pokemonRed/Assets
GfxDevice: creating device client; kGfxThreadingModeNonThreaded
Direct3D:
    Version:  Direct3D 11.0 [level 11.1]
    Renderer: Intel(R) UHD Graphics 630 (ID=0x3e92)
    Vendor:   Intel
    VRAM:     16271 MB
    Driver:   31.0.101.2115
Initialize mono
Mono path[0] = 'C:/Program Files/Unity/Hub/Editor/6000.0.43f1/Editor/Data/Managed'
Mono path[1] = 'C:/Program Files/Unity/Hub/Editor/6000.0.43f1/Editor/Data/MonoBleedingEdge/lib/mono/unityjit-win32'
Mono config path = 'C:/Program Files/Unity/Hub/Editor/6000.0.43f1/Editor/Data/MonoBleedingEdge/etc'
Using monoOptions --debugger-agent=transport=dt_socket,embedding=1,server=y,suspend=n,address=127.0.0.1:56268
Begin MonoManager ReloadAssembly
Registering precompiled unity dll's ...
Register platform support module: C:/Program Files/Unity/Hub/Editor/6000.0.43f1/Editor/Data/PlaybackEngines/WebGLSupport/UnityEditor.WebGL.Extensions.dll
Register platform support module: C:/Program Files/Unity/Hub/Editor/6000.0.43f1/Editor/Data/PlaybackEngines/WindowsStandaloneSupport/UnityEditor.WindowsStandalone.Extensions.dll
Registered in 0.006108 seconds.
- Loaded All Assemblies, in  0.574 seconds
Native extension for WindowsStandalone target not found
Native extension for WebGL target not found
Mono: successfully reloaded assembly
- Finished resetting the current domain, in  0.428 seconds
Domain Reload Profiling: 998ms
	BeginReloadAssembly (196ms)
		ExecutionOrderSort (0ms)
		DisableScriptedObjects (0ms)
		BackupInstance (0ms)
		ReleaseScriptingObjects (0ms)
		CreateAndSetChildDomain (1ms)
	RebuildCommonClasses (51ms)
	RebuildNativeTypeToScriptingClass (17ms)
	initialDomainReloadingComplete (71ms)
	LoadAllAssembliesAndSetupDomain (234ms)
		LoadAssemblies (193ms)
		RebuildTransferFunctionScriptingTraits (0ms)
		AnalyzeDomain (230ms)
			TypeCache.Refresh (228ms)
				TypeCache.ScanAssembly (208ms)
			BuildScriptInfoCaches (0ms)
			ResolveRequiredComponents (1ms)
	FinalizeReload (428ms)
		ReleaseScriptCaches (0ms)
		RebuildScriptCaches (0ms)
		SetupLoadedEditorAssemblies (386ms)
			LogAssemblyErrors (0ms)
			InitializePlatformSupportModulesInManaged (29ms)
			SetLoadedEditorAssemblies (6ms)
			BeforeProcessingInitializeOnLoad (83ms)
			ProcessInitializeOnLoadAttributes (209ms)
			ProcessInitializeOnLoadMethodAttributes (59ms)
			AfterProcessingInitializeOnLoad (0ms)
			EditorAssembliesLoaded (0ms)
		ExecutionOrderSort2 (0ms)
		AwakeInstancesAfterBackupRestoration (0ms)
========================================================================
Worker process is ready to serve import requests
Import Worker Mode flag is 0x00
Begin MonoManager ReloadAssembly
- Loaded All Assemblies, in  1.194 seconds
Refreshing native plugins compatible for Editor in 1.66 ms, found 4 plugins.
Native extension for WindowsStandalone target not found
Native extension for WebGL target not found
Mono: successfully reloaded assembly
- Finished resetting the current domain, in  0.842 seconds
Domain Reload Profiling: 2028ms
	BeginReloadAssembly (262ms)
		ExecutionOrderSort (0ms)
		DisableScriptedObjects (6ms)
		BackupInstance (0ms)
		ReleaseScriptingObjects (0ms)
		CreateAndSetChildDomain (47ms)
	RebuildCommonClasses (55ms)
	RebuildNativeTypeToScriptingClass (18ms)
	initialDomainReloadingComplete (62ms)
	LoadAllAssembliesAndSetupDomain (789ms)
		LoadAssemblies (628ms)
		RebuildTransferFunctionScriptingTraits (0ms)
		AnalyzeDomain (330ms)
			TypeCache.Refresh (241ms)
				TypeCache.ScanAssembly (218ms)
			BuildScriptInfoCaches (74ms)
			ResolveRequiredComponents (13ms)
	FinalizeReload (842ms)
		ReleaseScriptCaches (0ms)
		RebuildScriptCaches (0ms)
		SetupLoadedEditorAssemblies (697ms)
			LogAssemblyErrors (0ms)
			InitializePlatformSupportModulesInManaged (3ms)
			SetLoadedEditorAssemblies (6ms)
			BeforeProcessingInitializeOnLoad (139ms)
			ProcessInitializeOnLoadAttributes (425ms)
			ProcessInitializeOnLoadMethodAttributes (116ms)
			AfterProcessingInitializeOnLoad (7ms)
			EditorAssembliesLoaded (0ms)
		ExecutionOrderSort2 (0ms)
		AwakeInstancesAfterBackupRestoration (7ms)
Launched and connected shader compiler UnityShaderCompiler.exe after 0.01 seconds
Refreshing native plugins compatible for Editor in 1.64 ms, found 4 plugins.
Preloading 0 native plugins for Editor in 0.00 ms.
Unloading 220 Unused Serialized files (Serialized files now loaded: 0)
Unloading 6551 unused Assets / (4.5 MB). Loaded Objects now: 7264.
Memory consumption went from 177.8 MB to 173.3 MB.
Total: 9.541000 ms (FindLiveObjects: 0.721600 ms CreateObjectMapping: 1.128900 ms MarkObjects: 5.189800 ms  DeleteObjects: 2.499900 ms)

========================================================================
Received Import Request.
  Time since last request: 10053.961824 seconds.
  path: Assets/playerAnimatorr.controller
  artifactKey: Guid(e0e4013f931e53e418c29bf3f68467e4) Importer(815301076,1909f56bfc062723c751e8b465ee728b)
Start importing Assets/playerAnimatorr.controller using Guid(e0e4013f931e53e418c29bf3f68467e4) Importer(815301076,1909f56bfc062723c751e8b465ee728b) (PreviewImporter) -> (artifact id: '311ad7e86fa8250ec9496f38a65ff4de') in 0.0214072 seconds
Number of updated asset objects reloaded before import = 0Number of asset objects unloaded after import = 32

========================================================================
Received Import Request.
  Time since last request: 78.744373 seconds.
  path: Assets/animation/idle.anim
  artifactKey: Guid(796598912f8cf714eb6608e961890dd2) Importer(815301076,1909f56bfc062723c751e8b465ee728b)
Start importing Assets/animation/idle.anim using Guid(796598912f8cf714eb6608e961890dd2) Importer(815301076,1909f56bfc062723c751e8b465ee728b) (PreviewImporter) -> (artifact id: 'fb3e4a3dad5a7c1dc9d5a5e52946e37c') in 0.0027143 seconds
Number of updated asset objects reloaded before import = 0Number of asset objects unloaded after import = 1

========================================================================
Received Import Request.
  Time since last request: 6.929809 seconds.
  path: Assets/animation/walkdown.anim
  artifactKey: Guid(ac0778d679b754c44b4ad0bf341f3849) Importer(815301076,1909f56bfc062723c751e8b465ee728b)
Start importing Assets/animation/walkdown.anim using Guid(ac0778d679b754c44b4ad0bf341f3849) Importer(815301076,1909f56bfc062723c751e8b465ee728b) (PreviewImporter) -> (artifact id: 'f051d61e2b0a66f2553be16337f4ed07') in 0.0013679 seconds
Number of updated asset objects reloaded before import = 0Number of asset objects unloaded after import = 1

========================================================================
Received Import Request.
  Time since last request: 34.062614 seconds.
  path: Assets/spriteSheet/p1d.png
  artifactKey: Guid(a2612f6740dce1447824f6f7a264e25a) Importer(815301076,1909f56bfc062723c751e8b465ee728b)
Start importing Assets/spriteSheet/p1d.png using Guid(a2612f6740dce1447824f6f7a264e25a) Importer(815301076,1909f56bfc062723c751e8b465ee728b) (PreviewImporter) -> (artifact id: '614892ef14d646430e8da17aa1761862') in 0.1290405 seconds
Number of updated asset objects reloaded before import = 0Number of asset objects unloaded after import = 3

========================================================================
Received Import Request.
  Time since last request: 0.000025 seconds.
  path: Assets/spriteSheet/p3d.png
  artifactKey: Guid(664eb55ba3086ec439b87fee2244df3e) Importer(815301076,1909f56bfc062723c751e8b465ee728b)
Start importing Assets/spriteSheet/p3d.png using Guid(664eb55ba3086ec439b87fee2244df3e) Importer(815301076,1909f56bfc062723c751e8b465ee728b) (PreviewImporter) -> (artifact id: 'f6e366a1c692b747a80514407d6587a4') in 0.0193878 seconds
Number of updated asset objects reloaded before import = 0Number of asset objects unloaded after import = 3

========================================================================
Received Import Request.
  Time since last request: 11.119977 seconds.
  path: Assets/spriteSheet/p1l.png
  artifactKey: Guid(261c325a3f1f98742bcece878cfd20e3) Importer(815301076,1909f56bfc062723c751e8b465ee728b)
Start importing Assets/spriteSheet/p1l.png using Guid(261c325a3f1f98742bcece878cfd20e3) Importer(815301076,1909f56bfc062723c751e8b465ee728b) (PreviewImporter) -> (artifact id: '252f9d482888b70d7ee3206025b0500a') in 0.0326438 seconds
Number of updated asset objects reloaded before import = 0Number of asset objects unloaded after import = 3

========================================================================
Received Import Request.
  Time since last request: 0.000016 seconds.
  path: Assets/spriteSheet/p3l.png
  artifactKey: Guid(a908f00642be8bf44abbfb1d654531d0) Importer(815301076,1909f56bfc062723c751e8b465ee728b)
Start importing Assets/spriteSheet/p3l.png using Guid(a908f00642be8bf44abbfb1d654531d0) Importer(815301076,1909f56bfc062723c751e8b465ee728b) (PreviewImporter) -> (artifact id: 'f3d9fa96d1156b539cdf4c227e5654c4') in 0.0291742 seconds
Number of updated asset objects reloaded before import = 0Number of asset objects unloaded after import = 3

========================================================================
Received Import Request.
  Time since last request: 10.957251 seconds.
  path: Assets/spriteSheet/p1r.png
  artifactKey: Guid(e7e30ce0ff50b28448f124d626a9806b) Importer(815301076,1909f56bfc062723c751e8b465ee728b)
Start importing Assets/spriteSheet/p1r.png using Guid(e7e30ce0ff50b28448f124d626a9806b) Importer(815301076,1909f56bfc062723c751e8b465ee728b) (PreviewImporter) -> (artifact id: '46e178bcbad1d387976169dc4fae9fa6') in 0.0289217 seconds
Number of updated asset objects reloaded before import = 0Number of asset objects unloaded after import = 3

========================================================================
Received Import Request.
  Time since last request: 208.798136 seconds.
  path: Assets/map/21n.png
  artifactKey: Guid(0ceeeb0e15996b34388e035bb78f6f4c) Importer(815301076,1909f56bfc062723c751e8b465ee728b)
Start importing Assets/map/21n.png using Guid(0ceeeb0e15996b34388e035bb78f6f4c) Importer(815301076,1909f56bfc062723c751e8b465ee728b) (PreviewImporter) -> (artifact id: '5d0025375fd9f6369e8e50f761bf3219') in 0.0260462 seconds
Number of updated asset objects reloaded before import = 0Number of asset objects unloaded after import = 3

========================================================================
Received Import Request.
  Time since last request: 0.000030 seconds.
  path: Assets/map/house/virdi/pokeshopVirdi.png
  artifactKey: Guid(3f6b66aa5251d2642a0686ed9aca7a9c) Importer(815301076,1909f56bfc062723c751e8b465ee728b)
Start importing Assets/map/house/virdi/pokeshopVirdi.png using Guid(3f6b66aa5251d2642a0686ed9aca7a9c) Importer(815301076,1909f56bfc062723c751e8b465ee728b) (PreviewImporter) -> (artifact id: '76edecef5bcbcd96dc206551f6b77dba') in 0.0257142 seconds
Number of updated asset objects reloaded before import = 0Number of asset objects unloaded after import = 3

========================================================================
Received Import Request.
  Time since last request: 0.000040 seconds.
  path: Assets/map/house/virdi/pokestopVirdi.png
  artifactKey: Guid(84339a6c0c9a3d946a6f4cd61492d6f0) Importer(815301076,1909f56bfc062723c751e8b465ee728b)
Start importing Assets/map/house/virdi/pokestopVirdi.png using Guid(84339a6c0c9a3d946a6f4cd61492d6f0) Importer(815301076,1909f56bfc062723c751e8b465ee728b) (PreviewImporter) -> (artifact id: '396650e703d3e966aa4caed587911f55') in 0.018905 seconds
Number of updated asset objects reloaded before import = 0Number of asset objects unloaded after import = 3

========================================================================
Received Import Request.
  Time since last request: 0.000022 seconds.
  path: Assets/map/virdiliancity.png
  artifactKey: Guid(6d0bb5d3037ae2747b8a339c998ab946) Importer(815301076,1909f56bfc062723c751e8b465ee728b)
Start importing Assets/map/virdiliancity.png using Guid(6d0bb5d3037ae2747b8a339c998ab946) Importer(815301076,1909f56bfc062723c751e8b465ee728b) (PreviewImporter) -> (artifact id: '30f03bc2479a9dd75b11a63f0313c31d') in 0.0245339 seconds
Number of updated asset objects reloaded before import = 0Number of asset objects unloaded after import = 3

========================================================================
Received Import Request.
  Time since last request: 0.000028 seconds.
  path: Assets/map/misc/r2wood.png
  artifactKey: Guid(3a787d0f4e8af4243abf49b6b5eab1d1) Importer(815301076,1909f56bfc062723c751e8b465ee728b)
Start importing Assets/map/misc/r2wood.png using Guid(3a787d0f4e8af4243abf49b6b5eab1d1) Importer(815301076,1909f56bfc062723c751e8b465ee728b) (PreviewImporter) -> (artifact id: 'ce96ac18232a6de557600cc7fc189a0d') in 0.0218341 seconds
Number of updated asset objects reloaded before import = 0Number of asset objects unloaded after import = 3

========================================================================
Received Import Request.
  Time since last request: 0.000021 seconds.
  path: Assets/spriteSheet/p2u.png
  artifactKey: Guid(ea9cb92e3711f8a4289db7cae02155e4) Importer(815301076,1909f56bfc062723c751e8b465ee728b)
Start importing Assets/spriteSheet/p2u.png using Guid(ea9cb92e3711f8a4289db7cae02155e4) Importer(815301076,1909f56bfc062723c751e8b465ee728b) (PreviewImporter) -> (artifact id: '1ef53de3d8922040cee2316d3eaf52a3') in 0.0258384 seconds
Number of updated asset objects reloaded before import = 0Number of asset objects unloaded after import = 3

========================================================================
Received Import Request.
  Time since last request: 0.000036 seconds.
  path: Assets/npc/giovanni1.png
  artifactKey: Guid(0b7afbd5214b7314b9327f5690bed6a3) Importer(815301076,1909f56bfc062723c751e8b465ee728b)
Start importing Assets/npc/giovanni1.png using Guid(0b7afbd5214b7314b9327f5690bed6a3) Importer(815301076,1909f56bfc062723c751e8b465ee728b) (PreviewImporter) -> (artifact id: 'd232115f9ddbf3e6ba534741eb881dce') in 0.0244901 seconds
Number of updated asset objects reloaded before import = 0Number of asset objects unloaded after import = 3

========================================================================
Received Import Request.
  Time since last request: 0.000016 seconds.
  path: Assets/map/route1.png
  artifactKey: Guid(aefcd291957c3b940aeb6cd8a18c8e67) Importer(815301076,1909f56bfc062723c751e8b465ee728b)
Start importing Assets/map/route1.png using Guid(aefcd291957c3b940aeb6cd8a18c8e67) Importer(815301076,1909f56bfc062723c751e8b465ee728b) (PreviewImporter) -> (artifact id: '04494d82ee0361866441fe173d824967') in 0.0242391 seconds
Number of updated asset objects reloaded before import = 0Number of asset objects unloaded after import = 3

========================================================================
Received Import Request.
  Time since last request: 0.000019 seconds.
  path: Assets/map/house/virdi/npcHouseVirdi.png
  artifactKey: Guid(3de83adde857b7f4d942ad1df7c76756) Importer(815301076,1909f56bfc062723c751e8b465ee728b)
Start importing Assets/map/house/virdi/npcHouseVirdi.png using Guid(3de83adde857b7f4d942ad1df7c76756) Importer(815301076,1909f56bfc062723c751e8b465ee728b) (PreviewImporter) -> (artifact id: 'd298991ae674d121e4054d7c2c4987e7') in 0.0235357 seconds
Number of updated asset objects reloaded before import = 0Number of asset objects unloaded after import = 3

========================================================================
Received Import Request.
  Time since last request: 0.000046 seconds.
  path: Assets/map/r2.png
  artifactKey: Guid(aba3e2b5811056646bf7c61a18c581d6) Importer(815301076,1909f56bfc062723c751e8b465ee728b)
Start importing Assets/map/r2.png using Guid(aba3e2b5811056646bf7c61a18c581d6) Importer(815301076,1909f56bfc062723c751e8b465ee728b) (PreviewImporter) -> (artifact id: '3891bb43a604d9047abac99af52c0ee8') in 0.023621 seconds
Number of updated asset objects reloaded before import = 0Number of asset objects unloaded after import = 3

========================================================================
Received Import Request.
  Time since last request: 0.000035 seconds.
  path: Assets/map/paletcity.png
  artifactKey: Guid(14c7d6a1503830a46bcf5abfd0ea29f3) Importer(815301076,1909f56bfc062723c751e8b465ee728b)
Start importing Assets/map/paletcity.png using Guid(14c7d6a1503830a46bcf5abfd0ea29f3) Importer(815301076,1909f56bfc062723c751e8b465ee728b) (PreviewImporter) -> (artifact id: '12f582ee7007f31b1491107d53b0875f') in 0.0291099 seconds
Number of updated asset objects reloaded before import = 0Number of asset objects unloaded after import = 3

Editor requested this worker to shutdown with reason: Scaling down because of idle timeout
AssetImportWorker is now disconnected from the server
Process exiting
Exiting without the bug reporter. Application will terminate with return code 0