Using pre-set license
Built from '6000.0/release' branch; Version is '6000.0.43f1 (97272b72f107) revision 9905963'; Using compiler version '193933523'; Build Type 'Release'
OS: 'Windows 10  (10.0.19045) 64bit Professional' Language: 'fr' Physical Memory: 32542 MB
BatchMode: 1, IsHumanControllingUs: 0, StartBugReporterOnCrash: 0, Is64bit: 1, IsPro: 1

COMMAND LINE ARGUMENTS:
C:\Program Files\Unity\Hub\Editor\6000.0.43f1\Editor\Unity.exe
-adb2
-batchMode
-noUpm
-name
AssetImportWorker1
-projectPath
C:/Users/Loukian/Documents/GitHub/pokemonRed
-logFile
Logs/AssetImportWorker1.log
-srvPort
52313
-job-worker-count
5
-background-job-worker-count
8
-gc-helper-count
1
Successfully changed project path to: C:/Users/Loukian/Documents/GitHub/pokemonRed
C:/Users/Loukian/Documents/GitHub/pokemonRed
[UnityMemory] Configuration Parameters - Can be set up in boot.config
    "memorysetup-bucket-allocator-granularity=16"
    "memorysetup-bucket-allocator-bucket-count=8"
    "memorysetup-bucket-allocator-block-size=33554432"
    "memorysetup-bucket-allocator-block-count=8"
    "memorysetup-main-allocator-block-size=16777216"
    "memorysetup-thread-allocator-block-size=16777216"
    "memorysetup-gfx-main-allocator-block-size=16777216"
    "memorysetup-gfx-thread-allocator-block-size=16777216"
    "memorysetup-cache-allocator-block-size=4194304"
    "memorysetup-typetree-allocator-block-size=2097152"
    "memorysetup-profiler-bucket-allocator-granularity=16"
    "memorysetup-profiler-bucket-allocator-bucket-count=8"
    "memorysetup-profiler-bucket-allocator-block-size=33554432"
    "memorysetup-profiler-bucket-allocator-block-count=8"
    "memorysetup-profiler-allocator-block-size=16777216"
    "memorysetup-profiler-editor-allocator-block-size=1048576"
    "memorysetup-temp-allocator-size-main=16777216"
    "memorysetup-job-temp-allocator-block-size=2097152"
    "memorysetup-job-temp-allocator-block-size-background=1048576"
    "memorysetup-job-temp-allocator-reduction-small-platforms=262144"
    "memorysetup-allocator-temp-initial-block-size-main=262144"
    "memorysetup-allocator-temp-initial-block-size-worker=262144"
    "memorysetup-temp-allocator-size-background-worker=32768"
    "memorysetup-temp-allocator-size-job-worker=262144"
    "memorysetup-temp-allocator-size-preload-manager=33554432"
    "memorysetup-temp-allocator-size-nav-mesh-worker=65536"
    "memorysetup-temp-allocator-size-audio-worker=65536"
    "memorysetup-temp-allocator-size-cloud-worker=32768"
    "memorysetup-temp-allocator-size-gi-baking-worker=262144"
    "memorysetup-temp-allocator-size-gi-baking-worker=262144"
    "memorysetup-temp-allocator-size-gi-baking-worker=262144"
    "memorysetup-temp-allocator-size-gi-baking-worker=262144"
    "memorysetup-temp-allocator-size-gi-baking-worker=262144"
    "memorysetup-temp-allocator-size-gfx=262144"
Player connection [16200]  Target information:

Player connection [16200]  * "[IP] 10.5.35.35 [Port] 0 [Flags] 2 [Guid] 1294812541 [EditorId] 1294812541 [Version] 1048832 [Id] WindowsEditor(7,DESKTOP-31UIHH8) [Debug] 1 [PackageName] WindowsEditor [ProjectName] Editor" 

Player connection [16200]  * "[IP] 172.19.160.1 [Port] 0 [Flags] 2 [Guid] 1294812541 [EditorId] 1294812541 [Version] 1048832 [Id] WindowsEditor(7,DESKTOP-31UIHH8) [Debug] 1 [PackageName] WindowsEditor [ProjectName] Editor" 

Player connection [16200]  * "[IP] 172.22.0.1 [Port] 0 [Flags] 2 [Guid] 1294812541 [EditorId] 1294812541 [Version] 1048832 [Id] WindowsEditor(7,DESKTOP-31UIHH8) [Debug] 1 [PackageName] WindowsEditor [ProjectName] Editor" 

Player connection [16200] Host joined multi-casting on [225.0.0.222:54997]...
Player connection [16200] Host joined alternative multi-casting on [225.0.0.222:34997]...
JobSystem: Creating JobQueue using job-worker-count value 5
Input System module state changed to: Initialized.
[Physics::Module] Initialized fallback backend.
[Physics::Module] Id: 0xdecafbad
Library Redirect Path: Library/
[Physics::Module] Selected backend.
[Physics::Module] Name: PhysX
[Physics::Module] Id: 0xf2b8ea05
[Physics::Module] SDK Version: 4.1.2
[Physics::Module] Integration Version: 1.0.0
[Physics::Module] Threading Mode: Multi-Threaded
Refreshing native plugins compatible for Editor in 3.26 ms, found 4 plugins.
Preloading 0 native plugins for Editor in 0.00 ms.
Initialize engine version: 6000.0.43f1 (97272b72f107)
[Subsystems] Discovering subsystems at path C:/Program Files/Unity/Hub/Editor/6000.0.43f1/Editor/Data/Resources/UnitySubsystems
[Subsystems] Discovering subsystems at path C:/Users/Loukian/Documents/GitHub/pokemonRed/Assets
GfxDevice: creating device client; kGfxThreadingModeNonThreaded
Direct3D:
    Version:  Direct3D 11.0 [level 11.1]
    Renderer: Intel(R) UHD Graphics 630 (ID=0x3e92)
    Vendor:   Intel
    VRAM:     16271 MB
    Driver:   31.0.101.2115
Initialize mono
Mono path[0] = 'C:/Program Files/Unity/Hub/Editor/6000.0.43f1/Editor/Data/Managed'
Mono path[1] = 'C:/Program Files/Unity/Hub/Editor/6000.0.43f1/Editor/Data/MonoBleedingEdge/lib/mono/unityjit-win32'
Mono config path = 'C:/Program Files/Unity/Hub/Editor/6000.0.43f1/Editor/Data/MonoBleedingEdge/etc'
Using monoOptions --debugger-agent=transport=dt_socket,embedding=1,server=y,suspend=n,address=127.0.0.1:56060
Begin MonoManager ReloadAssembly
Registering precompiled unity dll's ...
Register platform support module: C:/Program Files/Unity/Hub/Editor/6000.0.43f1/Editor/Data/PlaybackEngines/WebGLSupport/UnityEditor.WebGL.Extensions.dll
Register platform support module: C:/Program Files/Unity/Hub/Editor/6000.0.43f1/Editor/Data/PlaybackEngines/WindowsStandaloneSupport/UnityEditor.WindowsStandalone.Extensions.dll
Registered in 0.006106 seconds.
- Loaded All Assemblies, in  0.584 seconds
Native extension for WindowsStandalone target not found
Native extension for WebGL target not found
Mono: successfully reloaded assembly
- Finished resetting the current domain, in  0.423 seconds
Domain Reload Profiling: 1003ms
	BeginReloadAssembly (197ms)
		ExecutionOrderSort (0ms)
		DisableScriptedObjects (0ms)
		BackupInstance (0ms)
		ReleaseScriptingObjects (0ms)
		CreateAndSetChildDomain (1ms)
	RebuildCommonClasses (52ms)
	RebuildNativeTypeToScriptingClass (17ms)
	initialDomainReloadingComplete (72ms)
	LoadAllAssembliesAndSetupDomain (243ms)
		LoadAssemblies (194ms)
		RebuildTransferFunctionScriptingTraits (0ms)
		AnalyzeDomain (238ms)
			TypeCache.Refresh (236ms)
				TypeCache.ScanAssembly (216ms)
			BuildScriptInfoCaches (0ms)
			ResolveRequiredComponents (1ms)
	FinalizeReload (423ms)
		ReleaseScriptCaches (0ms)
		RebuildScriptCaches (0ms)
		SetupLoadedEditorAssemblies (382ms)
			LogAssemblyErrors (0ms)
			InitializePlatformSupportModulesInManaged (29ms)
			SetLoadedEditorAssemblies (7ms)
			BeforeProcessingInitializeOnLoad (83ms)
			ProcessInitializeOnLoadAttributes (203ms)
			ProcessInitializeOnLoadMethodAttributes (60ms)
			AfterProcessingInitializeOnLoad (0ms)
			EditorAssembliesLoaded (0ms)
		ExecutionOrderSort2 (0ms)
		AwakeInstancesAfterBackupRestoration (0ms)
========================================================================
Worker process is ready to serve import requests
Import Worker Mode flag is 0x00
Begin MonoManager ReloadAssembly
- Loaded All Assemblies, in  1.195 seconds
Refreshing native plugins compatible for Editor in 1.62 ms, found 4 plugins.
Native extension for WindowsStandalone target not found
Native extension for WebGL target not found
Mono: successfully reloaded assembly
- Finished resetting the current domain, in  0.841 seconds
Domain Reload Profiling: 2029ms
	BeginReloadAssembly (264ms)
		ExecutionOrderSort (0ms)
		DisableScriptedObjects (6ms)
		BackupInstance (0ms)
		ReleaseScriptingObjects (0ms)
		CreateAndSetChildDomain (49ms)
	RebuildCommonClasses (56ms)
	RebuildNativeTypeToScriptingClass (19ms)
	initialDomainReloadingComplete (62ms)
	LoadAllAssembliesAndSetupDomain (786ms)
		LoadAssemblies (621ms)
		RebuildTransferFunctionScriptingTraits (0ms)
		AnalyzeDomain (334ms)
			TypeCache.Refresh (247ms)
				TypeCache.ScanAssembly (224ms)
			BuildScriptInfoCaches (73ms)
			ResolveRequiredComponents (12ms)
	FinalizeReload (842ms)
		ReleaseScriptCaches (0ms)
		RebuildScriptCaches (0ms)
		SetupLoadedEditorAssemblies (698ms)
			LogAssemblyErrors (0ms)
			InitializePlatformSupportModulesInManaged (3ms)
			SetLoadedEditorAssemblies (6ms)
			BeforeProcessingInitializeOnLoad (140ms)
			ProcessInitializeOnLoadAttributes (424ms)
			ProcessInitializeOnLoadMethodAttributes (117ms)
			AfterProcessingInitializeOnLoad (7ms)
			EditorAssembliesLoaded (0ms)
		ExecutionOrderSort2 (0ms)
		AwakeInstancesAfterBackupRestoration (7ms)
Launched and connected shader compiler UnityShaderCompiler.exe after 0.01 seconds
Refreshing native plugins compatible for Editor in 1.67 ms, found 4 plugins.
Preloading 0 native plugins for Editor in 0.00 ms.
Unloading 220 Unused Serialized files (Serialized files now loaded: 0)
Unloading 6551 unused Assets / (4.1 MB). Loaded Objects now: 7264.
Memory consumption went from 177.8 MB to 173.7 MB.
Total: 9.430700 ms (FindLiveObjects: 0.751400 ms CreateObjectMapping: 1.146000 ms MarkObjects: 5.082900 ms  DeleteObjects: 2.449200 ms)

========================================================================
Received Import Request.
  Time since last request: 10173.818615 seconds.
  path: Assets/spriteSheet/p2d.png
  artifactKey: Guid(3887f4e49bb3ba440b7ede83ba574594) Importer(815301076,1909f56bfc062723c751e8b465ee728b)
Start importing Assets/spriteSheet/p2d.png using Guid(3887f4e49bb3ba440b7ede83ba574594) Importer(815301076,1909f56bfc062723c751e8b465ee728b) (PreviewImporter) -> (artifact id: '4c08073bd0ea0529d04ff21bffd18522') in 0.1345091 seconds
Number of updated asset objects reloaded before import = 0Number of asset objects unloaded after import = 3

========================================================================
Received Import Request.
  Time since last request: 11.163476 seconds.
  path: Assets/spriteSheet/p2l.png
  artifactKey: Guid(e0ab5caa71877614197f62363ea41aa9) Importer(815301076,1909f56bfc062723c751e8b465ee728b)
Start importing Assets/spriteSheet/p2l.png using Guid(e0ab5caa71877614197f62363ea41aa9) Importer(815301076,1909f56bfc062723c751e8b465ee728b) (PreviewImporter) -> (artifact id: 'd5224c3e4d9718c57de0b3d0f6bccf2e') in 0.032661 seconds
Number of updated asset objects reloaded before import = 0Number of asset objects unloaded after import = 3

========================================================================
Received Import Request.
  Time since last request: 11.015845 seconds.
  path: Assets/spriteSheet/p2r.png
  artifactKey: Guid(66af7d9faa44f6048b49200279bb7aa3) Importer(815301076,1909f56bfc062723c751e8b465ee728b)
Start importing Assets/spriteSheet/p2r.png using Guid(66af7d9faa44f6048b49200279bb7aa3) Importer(815301076,1909f56bfc062723c751e8b465ee728b) (PreviewImporter) -> (artifact id: 'a1c8c8356f87b3695fc273ddbae4265e') in 0.0281235 seconds
Number of updated asset objects reloaded before import = 0Number of asset objects unloaded after import = 3

========================================================================
Received Import Request.
  Time since last request: 0.000018 seconds.
  path: Assets/spriteSheet/p3r.png
  artifactKey: Guid(365a91b24fca47a42a2b26238edd084b) Importer(815301076,1909f56bfc062723c751e8b465ee728b)
Start importing Assets/spriteSheet/p3r.png using Guid(365a91b24fca47a42a2b26238edd084b) Importer(815301076,1909f56bfc062723c751e8b465ee728b) (PreviewImporter) -> (artifact id: 'fee10e5430128b21d4043cdcb1dcc4ad') in 0.0324168 seconds
Number of updated asset objects reloaded before import = 0Number of asset objects unloaded after import = 3

========================================================================
Received Import Request.
  Time since last request: 208.737130 seconds.
  path: Assets/map/house/virdi/academieVirdi.png
  artifactKey: Guid(ad008a9df6888c94a835d14d83fea074) Importer(815301076,1909f56bfc062723c751e8b465ee728b)
Start importing Assets/map/house/virdi/academieVirdi.png using Guid(ad008a9df6888c94a835d14d83fea074) Importer(815301076,1909f56bfc062723c751e8b465ee728b) (PreviewImporter) -> (artifact id: '78477104f248b71b0b29ef26e975d01e') in 0.0253614 seconds
Number of updated asset objects reloaded before import = 0Number of asset objects unloaded after import = 3

========================================================================
Received Import Request.
  Time since last request: 0.000019 seconds.
  path: Assets/spriteSheet/p1u.png
  artifactKey: Guid(c3b837d543e6dbd4bb6dd160222b12db) Importer(815301076,1909f56bfc062723c751e8b465ee728b)
Start importing Assets/spriteSheet/p1u.png using Guid(c3b837d543e6dbd4bb6dd160222b12db) Importer(815301076,1909f56bfc062723c751e8b465ee728b) (PreviewImporter) -> (artifact id: '16867f5530e57882d0bb2b85cf3e5c5d') in 0.02268 seconds
Number of updated asset objects reloaded before import = 0Number of asset objects unloaded after import = 3

========================================================================
Received Import Request.
  Time since last request: 0.000037 seconds.
  path: Assets/ui/dialog/dialog.png
  artifactKey: Guid(014c229e78c59ee4384c20f0105b5efb) Importer(815301076,1909f56bfc062723c751e8b465ee728b)
Start importing Assets/ui/dialog/dialog.png using Guid(014c229e78c59ee4384c20f0105b5efb) Importer(815301076,1909f56bfc062723c751e8b465ee728b) (PreviewImporter) -> (artifact id: 'd1eeee13522ae54e358c37efbd452163') in 0.0209617 seconds
Number of updated asset objects reloaded before import = 0Number of asset objects unloaded after import = 3

========================================================================
Received Import Request.
  Time since last request: 0.000077 seconds.
  path: Assets/map/house/palethouseS2.png
  artifactKey: Guid(16d33be180f65fa41bef3f34d9dfe138) Importer(815301076,1909f56bfc062723c751e8b465ee728b)
Start importing Assets/map/house/palethouseS2.png using Guid(16d33be180f65fa41bef3f34d9dfe138) Importer(815301076,1909f56bfc062723c751e8b465ee728b) (PreviewImporter) -> (artifact id: 'f04aaeebee22dee51d48d015e7c4996e') in 0.0190899 seconds
Number of updated asset objects reloaded before import = 0Number of asset objects unloaded after import = 3

========================================================================
Received Import Request.
  Time since last request: 0.000018 seconds.
  path: Assets/map/misc/wood2.png
  artifactKey: Guid(3fcbb5d7d1611da4f923b5c7567312a1) Importer(815301076,1909f56bfc062723c751e8b465ee728b)
Start importing Assets/map/misc/wood2.png using Guid(3fcbb5d7d1611da4f923b5c7567312a1) Importer(815301076,1909f56bfc062723c751e8b465ee728b) (PreviewImporter) -> (artifact id: '33f24909cc01f81070d571bd900b26ba') in 0.018649 seconds
Number of updated asset objects reloaded before import = 0Number of asset objects unloaded after import = 3

========================================================================
Received Import Request.
  Time since last request: 0.000014 seconds.
  path: Assets/map/house/lab.png
  artifactKey: Guid(9f783d21d25b9db4a804349cc420a67b) Importer(815301076,1909f56bfc062723c751e8b465ee728b)
Start importing Assets/map/house/lab.png using Guid(9f783d21d25b9db4a804349cc420a67b) Importer(815301076,1909f56bfc062723c751e8b465ee728b) (PreviewImporter) -> (artifact id: '243befea733d18f3689662608f43e5e1') in 0.0249672 seconds
Number of updated asset objects reloaded before import = 0Number of asset objects unloaded after import = 3

========================================================================
Received Import Request.
  Time since last request: 0.000017 seconds.
  path: Assets/map/misc/wood.png
  artifactKey: Guid(5df1d58305f46114c802531fec73828a) Importer(815301076,1909f56bfc062723c751e8b465ee728b)
Start importing Assets/map/misc/wood.png using Guid(5df1d58305f46114c802531fec73828a) Importer(815301076,1909f56bfc062723c751e8b465ee728b) (PreviewImporter) -> (artifact id: '18232b570765b888a5a737f1c4491b31') in 0.0230215 seconds
Number of updated asset objects reloaded before import = 0Number of asset objects unloaded after import = 3

========================================================================
Received Import Request.
  Time since last request: 0.000020 seconds.
  path: Assets/map/house/palethouseS1.png
  artifactKey: Guid(dd7eb1b92c5de354fbde4793d77fd569) Importer(815301076,1909f56bfc062723c751e8b465ee728b)
Start importing Assets/map/house/palethouseS1.png using Guid(dd7eb1b92c5de354fbde4793d77fd569) Importer(815301076,1909f56bfc062723c751e8b465ee728b) (PreviewImporter) -> (artifact id: 'b7ec2cc3a48f2ad60243473ee40ecc12') in 0.0218815 seconds
Number of updated asset objects reloaded before import = 0Number of asset objects unloaded after import = 3

========================================================================
Received Import Request.
  Time since last request: 0.000074 seconds.
  path: Assets/map/house/virdi/virdilianGym.png
  artifactKey: Guid(34b86ad003032d247af295ed051e1094) Importer(815301076,1909f56bfc062723c751e8b465ee728b)
Start importing Assets/map/house/virdi/virdilianGym.png using Guid(34b86ad003032d247af295ed051e1094) Importer(815301076,1909f56bfc062723c751e8b465ee728b) (PreviewImporter) -> (artifact id: '8fde62b8c63243c5e7c717fb3fe9485d') in 0.0245444 seconds
Number of updated asset objects reloaded before import = 0Number of asset objects unloaded after import = 3

========================================================================
Received Import Request.
  Time since last request: 0.000015 seconds.
  path: Assets/spriteSheet/p3u.png
  artifactKey: Guid(dbc52a09d6eaf404491b039b299bf3e2) Importer(815301076,1909f56bfc062723c751e8b465ee728b)
Start importing Assets/spriteSheet/p3u.png using Guid(dbc52a09d6eaf404491b039b299bf3e2) Importer(815301076,1909f56bfc062723c751e8b465ee728b) (PreviewImporter) -> (artifact id: 'ee21b34d1d875916e2a3d9d843339b94') in 0.0280383 seconds
Number of updated asset objects reloaded before import = 0Number of asset objects unloaded after import = 3

========================================================================
Received Import Request.
  Time since last request: 0.000016 seconds.
  path: Assets/map/viridForeste.png
  artifactKey: Guid(b3720d6049fb81941a368da15bb6403c) Importer(815301076,1909f56bfc062723c751e8b465ee728b)
Start importing Assets/map/viridForeste.png using Guid(b3720d6049fb81941a368da15bb6403c) Importer(815301076,1909f56bfc062723c751e8b465ee728b) (PreviewImporter) -> (artifact id: '1f7d79f22f2758a50a471613f3a16e85') in 0.0260705 seconds
Number of updated asset objects reloaded before import = 0Number of asset objects unloaded after import = 3

Editor requested this worker to shutdown with reason: Scaling down because of idle timeout
AssetImportWorker is now disconnected from the server
Process exiting
Exiting without the bug reporter. Application will terminate with return code 0